<?xml version="1.0" encoding="UTF-8"?>
<!-- Generated by org.testng.reporters.JUnitXMLReporter -->
<testsuite ignored="4" hostname="LAPTOP-LG2V94E6" failures="0" tests="1" name="Default test" time="6.555" errors="0" timestamp="2024-02-12T16:01:15 IST">
  <testcase classname="usermanagement.Payment" name="validserachinpaymentTest" time="3.556"/>
  <testcase classname="usermanagement.Payment" name="applycompletedTest" time="0.0">
    <ignored/>
  </testcase> <!-- applycompletedTest -->
  <testcase classname="usermanagement.Payment" name="applyfailedTest" time="0.0">
    <ignored/>
  </testcase> <!-- applyfailedTest -->
  <testcase classname="usermanagement.Payment" name="invalidvalidserachinpaymentTest" time="0.0">
    <ignored/>
  </testcase> <!-- invalidvalidserachinpaymentTest -->
  <testcase classname="usermanagement.Payment" name="nextandpreviuos_dataTest" time="0.0">
    <ignored/>
  </testcase> <!-- nextandpreviuos_dataTest -->
</testsuite> <!-- Default test -->
