<?xml version="1.0" encoding="UTF-8"?>
<!-- Generated by org.testng.reporters.JUnitXMLReporter -->
<testsuite ignored="2" hostname="LAPTOP-LG2V94E6" failures="0" tests="21" name="Test" time="4.344" errors="0" timestamp="2024-02-05T14:57:52 IST">
  <testcase classname="com.generic.Base" name="@BeforeMethod launchbrowser" time="2.329">
    <failure type="java.lang.NullPointerException" message="Cannot invoke &amp;quot;com.aventstack.extentreports.ExtentReports.createTest(String)&amp;quot; because &amp;quot;com.generic.Base.extent&amp;quot; is null">
      <![CDATA[java.lang.NullPointerException: Cannot invoke "com.aventstack.extentreports.ExtentReports.createTest(String)" because "com.generic.Base.extent" is null
at com.generic.Base.launchbrowser(Base.java:87)
at java.base/java.util.ArrayList.forEach(ArrayList.java:1511)
... Removed 31 stack frames]]>
    </failure>
  </testcase> <!-- @BeforeMethod launchbrowser -->
  <testcase classname="com.generic.Base" name="@AfterMethod closeBrowser" time="0.0">
    <skipped/>
  </testcase> <!-- @AfterMethod closeBrowser -->
  <testcase classname="com.generic.Base" name="@BeforeMethod launchbrowser" time="0.0">
    <skipped/>
  </testcase> <!-- @BeforeMethod launchbrowser -->
  <testcase classname="com.generic.Base" name="@AfterMethod closeBrowser" time="0.0">
    <skipped/>
  </testcase> <!-- @AfterMethod closeBrowser -->
  <testcase classname="com.generic.Base" name="@BeforeMethod launchbrowser" time="0.0">
    <skipped/>
  </testcase> <!-- @BeforeMethod launchbrowser -->
  <testcase classname="com.generic.Base" name="@AfterMethod closeBrowser" time="0.0">
    <skipped/>
  </testcase> <!-- @AfterMethod closeBrowser -->
  <testcase classname="com.generic.Base" name="@BeforeMethod launchbrowser" time="0.0">
    <skipped/>
  </testcase> <!-- @BeforeMethod launchbrowser -->
  <testcase classname="com.generic.Base" name="@AfterMethod closeBrowser" time="0.0">
    <skipped/>
  </testcase> <!-- @AfterMethod closeBrowser -->
  <testcase classname="com.generic.Base" name="@BeforeMethod launchbrowser" time="0.0">
    <skipped/>
  </testcase> <!-- @BeforeMethod launchbrowser -->
  <testcase classname="com.generic.Base" name="@AfterMethod closeBrowser" time="0.0">
    <skipped/>
  </testcase> <!-- @AfterMethod closeBrowser -->
  <testcase classname="com.generic.Base" name="@BeforeMethod launchbrowser" time="1.766">
    <failure type="java.lang.NullPointerException" message="Cannot invoke &amp;quot;com.aventstack.extentreports.ExtentReports.createTest(String)&amp;quot; because &amp;quot;com.generic.Base.extent&amp;quot; is null">
      <![CDATA[java.lang.NullPointerException: Cannot invoke "com.aventstack.extentreports.ExtentReports.createTest(String)" because "com.generic.Base.extent" is null
at com.generic.Base.launchbrowser(Base.java:87)
at java.base/java.util.ArrayList.forEach(ArrayList.java:1511)
... Removed 31 stack frames]]>
    </failure>
  </testcase> <!-- @BeforeMethod launchbrowser -->
  <testcase classname="com.generic.Base" name="@AfterMethod closeBrowser" time="0.0">
    <skipped/>
  </testcase> <!-- @AfterMethod closeBrowser -->
  <testcase classname="com.generic.Base" name="@BeforeMethod launchbrowser" time="0.0">
    <skipped/>
  </testcase> <!-- @BeforeMethod launchbrowser -->
  <testcase classname="com.generic.Base" name="@AfterMethod closeBrowser" time="0.0">
    <skipped/>
  </testcase> <!-- @AfterMethod closeBrowser -->
  <testcase classname="com.generic.Base" name="@BeforeMethod launchbrowser" time="0.0">
    <skipped/>
  </testcase> <!-- @BeforeMethod launchbrowser -->
  <testcase classname="com.generic.Base" name="@AfterMethod closeBrowser" time="0.0">
    <skipped/>
  </testcase> <!-- @AfterMethod closeBrowser -->
  <testcase classname="com.generic.Base" name="@BeforeMethod launchbrowser" time="0.0">
    <skipped/>
  </testcase> <!-- @BeforeMethod launchbrowser -->
  <testcase classname="com.generic.Base" name="@AfterMethod closeBrowser" time="0.0">
    <skipped/>
  </testcase> <!-- @AfterMethod closeBrowser -->
  <testcase classname="com.generic.Base" name="@BeforeMethod launchbrowser" time="0.0">
    <skipped/>
  </testcase> <!-- @BeforeMethod launchbrowser -->
  <testcase classname="com.generic.Base" name="@AfterMethod closeBrowser" time="0.0">
    <skipped/>
  </testcase> <!-- @AfterMethod closeBrowser -->
  <testcase classname="com.generic.Base" name="@BeforeMethod launchbrowser" time="0.0">
    <skipped/>
  </testcase> <!-- @BeforeMethod launchbrowser -->
  <testcase classname="com.generic.Base" name="@AfterMethod closeBrowser" time="0.0">
    <skipped/>
  </testcase> <!-- @AfterMethod closeBrowser -->
  <testcase classname="com.generic.Base" name="@BeforeMethod launchbrowser" time="0.0">
    <skipped/>
  </testcase> <!-- @BeforeMethod launchbrowser -->
  <testcase classname="com.generic.Base" name="@AfterMethod closeBrowser" time="0.0">
    <skipped/>
  </testcase> <!-- @AfterMethod closeBrowser -->
  <testcase classname="com.generic.Base" name="@BeforeMethod launchbrowser" time="0.0">
    <skipped/>
  </testcase> <!-- @BeforeMethod launchbrowser -->
  <testcase classname="com.generic.Base" name="@AfterMethod closeBrowser" time="0.0">
    <skipped/>
  </testcase> <!-- @AfterMethod closeBrowser -->
  <testcase classname="com.generic.Base" name="@BeforeMethod launchbrowser" time="0.0">
    <skipped/>
  </testcase> <!-- @BeforeMethod launchbrowser -->
  <testcase classname="com.generic.Base" name="@AfterMethod closeBrowser" time="0.0">
    <skipped/>
  </testcase> <!-- @AfterMethod closeBrowser -->
  <testcase classname="com.generic.Base" name="@BeforeMethod launchbrowser" time="0.0">
    <skipped/>
  </testcase> <!-- @BeforeMethod launchbrowser -->
  <testcase classname="com.generic.Base" name="@AfterMethod closeBrowser" time="0.0">
    <skipped/>
  </testcase> <!-- @AfterMethod closeBrowser -->
  <testcase classname="com.generic.Base" name="@BeforeMethod launchbrowser" time="0.0">
    <skipped/>
  </testcase> <!-- @BeforeMethod launchbrowser -->
  <testcase classname="com.generic.Base" name="@AfterMethod closeBrowser" time="0.0">
    <skipped/>
  </testcase> <!-- @AfterMethod closeBrowser -->
  <testcase classname="com.generic.Base" name="@BeforeMethod launchbrowser" time="0.0">
    <skipped/>
  </testcase> <!-- @BeforeMethod launchbrowser -->
  <testcase classname="com.generic.Base" name="@AfterMethod closeBrowser" time="0.0">
    <skipped/>
  </testcase> <!-- @AfterMethod closeBrowser -->
  <testcase classname="com.generic.Base" name="@BeforeMethod launchbrowser" time="0.0">
    <skipped/>
  </testcase> <!-- @BeforeMethod launchbrowser -->
  <testcase classname="com.generic.Base" name="@AfterMethod closeBrowser" time="0.0">
    <skipped/>
  </testcase> <!-- @AfterMethod closeBrowser -->
  <testcase classname="com.generic.Base" name="@BeforeMethod launchbrowser" time="0.0">
    <skipped/>
  </testcase> <!-- @BeforeMethod launchbrowser -->
  <testcase classname="com.generic.Base" name="@AfterMethod closeBrowser" time="0.0">
    <skipped/>
  </testcase> <!-- @AfterMethod closeBrowser -->
  <testcase classname="com.generic.Base" name="@BeforeMethod launchbrowser" time="0.0">
    <skipped/>
  </testcase> <!-- @BeforeMethod launchbrowser -->
  <testcase classname="com.generic.Base" name="@AfterMethod closeBrowser" time="0.0">
    <skipped/>
  </testcase> <!-- @AfterMethod closeBrowser -->
  <testcase classname="com.generic.Base" name="@BeforeMethod launchbrowser" time="0.0">
    <skipped/>
  </testcase> <!-- @BeforeMethod launchbrowser -->
  <testcase classname="com.generic.Base" name="@AfterMethod closeBrowser" time="0.0">
    <skipped/>
  </testcase> <!-- @AfterMethod closeBrowser -->
  <testcase classname="usermanagement.Payment" name="applycompletedTest" time="0.001">
    <skipped/>
  </testcase> <!-- applycompletedTest -->
  <testcase classname="usermanagement.Payment" name="applyfailedTest" time="0.0">
    <skipped/>
  </testcase> <!-- applyfailedTest -->
  <testcase classname="usermanagement.Payment" name="invalidvalidserachinpaymentTest" time="0.0">
    <skipped/>
  </testcase> <!-- invalidvalidserachinpaymentTest -->
  <testcase classname="usermanagement.Payment" name="nextandpreviuos_dataTest" time="0.0">
    <skipped/>
  </testcase> <!-- nextandpreviuos_dataTest -->
  <testcase classname="usermanagement.Payment" name="validserachinpaymentTest" time="0.0">
    <skipped/>
  </testcase> <!-- validserachinpaymentTest -->
  <testcase classname="usermanagement.usermanage" name="editdataTest" time="0.0">
    <skipped/>
  </testcase> <!-- editdataTest -->
  <testcase classname="usermanagement.usermanage" name="blockuser" time="0.0">
    <skipped/>
  </testcase> <!-- blockuser -->
  <testcase classname="usermanagement.usermanage" name="unblockuser" time="0.0">
    <skipped/>
  </testcase> <!-- unblockuser -->
  <testcase classname="usermanagement.usermanage" name="maleandactivedataTest" time="0.0">
    <skipped/>
  </testcase> <!-- maleandactivedataTest -->
  <testcase classname="usermanagement.usermanage" name="maleandactivecleardataTest" time="0.0">
    <skipped/>
  </testcase> <!-- maleandactivecleardataTest -->
  <testcase classname="usermanagement.usermanage" name="maleandinactivedataTest" time="0.0">
    <skipped/>
  </testcase> <!-- maleandinactivedataTest -->
  <testcase classname="usermanagement.usermanage" name="maleandblockeddataTest" time="0.0">
    <skipped/>
  </testcase> <!-- maleandblockeddataTest -->
  <testcase classname="usermanagement.usermanage" name="femaleandactivedataTest" time="0.0">
    <skipped/>
  </testcase> <!-- femaleandactivedataTest -->
  <testcase classname="usermanagement.usermanage" name="femaleandinactivedataTest" time="0.0">
    <skipped/>
  </testcase> <!-- femaleandinactivedataTest -->
  <testcase classname="usermanagement.usermanage" name="femaleandblockeddataTest" time="0.0">
    <skipped/>
  </testcase> <!-- femaleandblockeddataTest -->
  <testcase classname="usermanagement.usermanage" name="othersandblockeddataTest" time="0.0">
    <skipped/>
  </testcase> <!-- othersandblockeddataTest -->
  <testcase classname="usermanagement.usermanage" name="othersandactiveddataTest" time="0.0">
    <skipped/>
  </testcase> <!-- othersandactiveddataTest -->
  <testcase classname="usermanagement.usermanage" name="othersandinactiveddataTest" time="0.0">
    <skipped/>
  </testcase> <!-- othersandinactiveddataTest -->
  <testcase classname="usermanagement.usermanage" name="validsearchTest" time="0.0">
    <skipped/>
  </testcase> <!-- validsearchTest -->
  <testcase classname="usermanagement.usermanage" name="invalidsearchTest" time="0.0">
    <skipped/>
  </testcase> <!-- invalidsearchTest -->
  <testcase classname="usermanagement.usermanage" name="nextandpreviuos_dataTest" time="0.0">
    <skipped/>
  </testcase> <!-- nextandpreviuos_dataTest -->
  <testcase classname="com.generic.Base" name="@BeforeSuite setUp" time="0.0">
    <ignored/>
  </testcase> <!-- @BeforeSuite setUp -->
  <testcase classname="com.generic.Base" name="@AfterSuite tearDown" time="0.0">
    <ignored/>
  </testcase> <!-- @AfterSuite tearDown -->
</testsuite> <!-- Test -->
